<?xml version="1.0" encoding="UTF-8"?>
<!-- Generated by org.testng.reporters.JUnitReportReporter -->
<testsuite hostname="Hp" failures="0" tests="1" name="X_YUG.XyugVFXVedioEditingService" time="72.191" errors="0" timestamp="2024-06-10T17:06:01 IST" skipped="0">
  <testcase classname="X_YUG.XyugVFXVedioEditingService" name="PerformeVFX" time="72.191"/>
  <system-out/>
</testsuite> <!-- X_YUG.XyugVFXVedioEditingService -->
