<?xml version="1.0" encoding="UTF-8"?>
<!-- Generated by org.testng.reporters.JUnitReportReporter -->
<testsuite hostname="Hp" failures="0" tests="1" name="X_YUG.XyugUIUXDesignService" time="44.975" errors="0" timestamp="2024-06-10T17:06:01 IST" skipped="0">
  <testcase classname="X_YUG.XyugUIUXDesignService" name="clickUiUx" time="44.975"/>
  <system-out/>
</testsuite> <!-- X_YUG.XyugUIUXDesignService -->
