<?xml version="1.0" encoding="UTF-8"?>
<!-- Generated by org.testng.reporters.JUnitReportReporter -->
<testsuite hostname="Hp" failures="0" tests="1" name="X_YUG.XyugMobileAplnDevelpmentService" time="79.631" errors="0" timestamp="2024-06-10T17:06:01 IST" skipped="0">
  <testcase classname="X_YUG.XyugMobileAplnDevelpmentService" name="mobile" time="79.631"/>
  <system-out/>
</testsuite> <!-- X_YUG.XyugMobileAplnDevelpmentService -->
